************* Module project1.authentication
authentication.py:7: [C0303(trailing-whitespace), ] Trailing whitespace
************* Module project1.tests.authentication_tests
tests/authentication_tests.py:30: [C0305(trailing-newlines), ] Trailing newlines


Report
======
22 statements analysed.

Statistics by type
------------------

+---------+-------+-----------+-----------+------------+---------+
|type     |number |old number |difference |%documented |%badname |
+=========+=======+===========+===========+============+=========+
|module   |4      |3          |+1.00      |100.00      |0.00     |
+---------+-------+-----------+-----------+------------+---------+
|class    |1      |1          |=          |100.00      |0.00     |
+---------+-------+-----------+-----------+------------+---------+
|method   |3      |3          |=          |100.00      |0.00     |
+---------+-------+-----------+-----------+------------+---------+
|function |1      |1          |=          |100.00      |0.00     |
+---------+-------+-----------+-----------+------------+---------+



External dependencies
---------------------
::

    mock (project1.tests.authentication_tests)
    project1 
      \-authentication (project1.tests.authentication_tests)



Raw metrics
-----------

+----------+-------+------+---------+-----------+
|type      |number |%     |previous |difference |
+==========+=======+======+=========+===========+
|code      |27     |51.92 |NC       |NC         |
+----------+-------+------+---------+-----------+
|docstring |13     |25.00 |NC       |NC         |
+----------+-------+------+---------+-----------+
|comment   |3      |5.77  |NC       |NC         |
+----------+-------+------+---------+-----------+
|empty     |9      |17.31 |NC       |NC         |
+----------+-------+------+---------+-----------+



Duplication
-----------

+-------------------------+------+---------+-----------+
|                         |now   |previous |difference |
+=========================+======+=========+===========+
|nb duplicated lines      |0     |0        |=          |
+-------------------------+------+---------+-----------+
|percent duplicated lines |0.000 |0.000    |=          |
+-------------------------+------+---------+-----------+



Messages by category
--------------------

+-----------+-------+---------+-----------+
|type       |number |previous |difference |
+===========+=======+=========+===========+
|convention |2      |4        |-2.00      |
+-----------+-------+---------+-----------+
|refactor   |0      |1        |-1.00      |
+-----------+-------+---------+-----------+
|warning    |0      |2        |-2.00      |
+-----------+-------+---------+-----------+
|error      |0      |1        |-1.00      |
+-----------+-------+---------+-----------+



% errors / warnings by module
-----------------------------

+------------------------------------+------+--------+---------+-----------+
|module                              |error |warning |refactor |convention |
+====================================+======+========+=========+===========+
|project1.tests.authentication_tests |0.00  |0.00    |0.00     |50.00      |
+------------------------------------+------+--------+---------+-----------+
|project1.authentication             |0.00  |0.00    |0.00     |50.00      |
+------------------------------------+------+--------+---------+-----------+



Messages
--------

+--------------------+------------+
|message id          |occurrences |
+====================+============+
|trailing-whitespace |1           |
+--------------------+------------+
|trailing-newlines   |1           |
+--------------------+------------+



Global evaluation
-----------------
Your code has been rated at 9.09/10

